c:\users\user\source\repos\parseqt\parseqt\x64\debug\qrc_parseqt.obj
c:\users\user\source\repos\parseqt\parseqt\x64\debug\moc_parsebyname.obj
c:\users\user\source\repos\parseqt\parseqt\x64\debug\moc_parseqt.obj
c:\users\user\source\repos\parseqt\parseqt\x64\debug\moc_parsebytime.obj
c:\users\user\source\repos\parseqt\parseqt\x64\debug\vc141.pdb
c:\users\user\source\repos\parseqt\parseqt\x64\debug\parsebytime.obj
c:\users\user\source\repos\parseqt\parseqt\x64\debug\main.obj
c:\users\user\source\repos\parseqt\parseqt\x64\debug\parsebyname.obj
c:\users\user\source\repos\parseqt\parseqt\x64\debug\parseqt.obj
c:\users\user\source\repos\parseqt\x64\debug\parseqt.exe
c:\users\user\source\repos\parseqt\x64\debug\parseqt.ilk
c:\users\user\source\repos\parseqt\x64\debug\parseqt.pdb
c:\users\user\source\repos\parseqt\parseqt\x64\debug\\moc\moc_parseqt.cpp
c:\users\user\source\repos\parseqt\parseqt\x64\debug\\moc\moc_parsebytime.cpp
c:\users\user\source\repos\parseqt\parseqt\x64\debug\\moc\moc_parsebyname.cpp
c:\users\user\source\repos\parseqt\parseqt\x64\debug\uic\ui_parsebyname.h
c:\users\user\source\repos\parseqt\parseqt\x64\debug\uic\ui_parsebytime.h
c:\users\user\source\repos\parseqt\parseqt\x64\debug\uic\ui_parseqt.h
c:\users\user\source\repos\parseqt\parseqt\x64\debug\rcc\qrc_parseqt.cpp
c:\users\user\source\repos\parseqt\parseqt\x64\debug\moc\moc_parseqt.cpp
c:\users\user\source\repos\parseqt\parseqt\x64\debug\moc\moc_parsebytime.cpp
c:\users\user\source\repos\parseqt\parseqt\x64\debug\moc\moc_parsebyname.cpp
c:\users\user\source\repos\parseqt\parseqt\x64\debug\\rcc\qrc_parseqt.cpp
c:\users\user\source\repos\parseqt\parseqt\x64\debug\\uic\ui_parsebyname.h
c:\users\user\source\repos\parseqt\parseqt\x64\debug\\uic\ui_parseqt.h
c:\users\user\source\repos\parseqt\parseqt\x64\debug\\uic\ui_parsebytime.h
c:\users\user\source\repos\parseqt\parseqt\x64\debug\parseqt.tlog\cl.command.1.tlog
c:\users\user\source\repos\parseqt\parseqt\x64\debug\parseqt.tlog\cl.read.1.tlog
c:\users\user\source\repos\parseqt\parseqt\x64\debug\parseqt.tlog\cl.write.1.tlog
c:\users\user\source\repos\parseqt\parseqt\x64\debug\parseqt.tlog\link.command.1.tlog
c:\users\user\source\repos\parseqt\parseqt\x64\debug\parseqt.tlog\link.read.1.tlog
c:\users\user\source\repos\parseqt\parseqt\x64\debug\parseqt.tlog\link.write.1.tlog
c:\users\user\source\repos\parseqt\parseqt\x64\debug\parseqt.tlog\moc.read.1u.tlog
c:\users\user\source\repos\parseqt\parseqt\x64\debug\parseqt.tlog\moc.write.1u.tlog
c:\users\user\source\repos\parseqt\parseqt\x64\debug\parseqt.tlog\parseqt.write.1u.tlog
c:\users\user\source\repos\parseqt\parseqt\x64\debug\parseqt.tlog\rcc.read.1u.tlog
c:\users\user\source\repos\parseqt\parseqt\x64\debug\parseqt.tlog\rcc.write.1u.tlog
c:\users\user\source\repos\parseqt\parseqt\x64\debug\parseqt.tlog\uic.read.1u.tlog
c:\users\user\source\repos\parseqt\parseqt\x64\debug\parseqt.tlog\uic.write.1u.tlog
